Determining if the pthread_create exist failed with the following output:
Change Dir: /home/shouyue.wq/io_test/build/CMakeFiles/CMakeTmp

Run Build Command:"/usr/bin/gmake" "cmTC_2c802/fast"
/usr/bin/gmake -f CMakeFiles/cmTC_2c802.dir/build.make CMakeFiles/cmTC_2c802.dir/build
gmake[1]: Entering directory `/home/shouyue.wq/io_test/build/CMakeFiles/CMakeTmp'
Building C object CMakeFiles/cmTC_2c802.dir/CheckSymbolExists.c.o
/usr/bin/cc    -o CMakeFiles/cmTC_2c802.dir/CheckSymbolExists.c.o   -c /home/shouyue.wq/io_test/build/CMakeFiles/CMakeTmp/CheckSymbolExists.c
Linking C executable cmTC_2c802
/usr/local/bin/cmake -E cmake_link_script CMakeFiles/cmTC_2c802.dir/link.txt --verbose=1
/usr/bin/cc       CMakeFiles/cmTC_2c802.dir/CheckSymbolExists.c.o  -o cmTC_2c802 -rdynamic 
CMakeFiles/cmTC_2c802.dir/CheckSymbolExists.c.o: In function `main':
CheckSymbolExists.c:(.text+0x16): undefined reference to `pthread_create'
collect2: error: ld returned 1 exit status
gmake[1]: *** [cmTC_2c802] Error 1
gmake[1]: Leaving directory `/home/shouyue.wq/io_test/build/CMakeFiles/CMakeTmp'
gmake: *** [cmTC_2c802/fast] Error 2

File /home/shouyue.wq/io_test/build/CMakeFiles/CMakeTmp/CheckSymbolExists.c:
/* */
#include <pthread.h>

int main(int argc, char** argv)
{
  (void)argv;
#ifndef pthread_create
  return ((int*)(&pthread_create))[argc];
#else
  (void)argc;
  return 0;
#endif
}

Determining if the function pthread_create exists in the pthreads failed with the following output:
Change Dir: /home/shouyue.wq/io_test/build/CMakeFiles/CMakeTmp

Run Build Command:"/usr/bin/gmake" "cmTC_98e5a/fast"
/usr/bin/gmake -f CMakeFiles/cmTC_98e5a.dir/build.make CMakeFiles/cmTC_98e5a.dir/build
gmake[1]: Entering directory `/home/shouyue.wq/io_test/build/CMakeFiles/CMakeTmp'
Building C object CMakeFiles/cmTC_98e5a.dir/CheckFunctionExists.c.o
/usr/bin/cc   -DCHECK_FUNCTION_EXISTS=pthread_create   -o CMakeFiles/cmTC_98e5a.dir/CheckFunctionExists.c.o   -c /usr/local/share/cmake-3.3/Modules/CheckFunctionExists.c
Linking C executable cmTC_98e5a
/usr/local/bin/cmake -E cmake_link_script CMakeFiles/cmTC_98e5a.dir/link.txt --verbose=1
/usr/bin/cc   -DCHECK_FUNCTION_EXISTS=pthread_create    CMakeFiles/cmTC_98e5a.dir/CheckFunctionExists.c.o  -o cmTC_98e5a -rdynamic -lpthreads 
/usr/bin/ld: cannot find -lpthreads
collect2: error: ld returned 1 exit status
gmake[1]: *** [cmTC_98e5a] Error 1
gmake[1]: Leaving directory `/home/shouyue.wq/io_test/build/CMakeFiles/CMakeTmp'
gmake: *** [cmTC_98e5a/fast] Error 2


